[   13396ms] Error: Hydration failed because the server rendered HTML didn't match the client. As a result this tree will be regenerated on the client. This can happen if a SSR-ed Client Component used:

- A server/client branch `if (typeof window !== 'undefined')`.
- Variable input such as `Date.now()` or `Math.random()` which changes each time it's called.
- Date formatting in a user's locale which doesn't match the server.
- External changing data without sending a snapshot of it along with the HTML.
- Invalid HTML tag nesting.

It can also happen if the client has a browser extension installed which messes with the HTML before React loaded.

https://react.dev/link/hydration-mismatch

  ...
    <link>
    <RootLayout>
      <html lang="en" className="__variable...">
        <body className="bg-zinc-50...">
          <ThemeProvider>
            <Header>
              <header className="border-b b...">
                <div className="max-w-5xl ...">
                  <div className="flex justi...">
                    <LinkComponent>
                    <div className="flex items...">
                      <nav>
                      <SearchModal>
                      <ThemeToggle>
                        <Button variant="ghost" size="icon" onClick={function toggleTheme} aria-label="Toggle theme" ...>
                          <button data-slot="button" data-variant="ghost" data-size="icon" className={"group/bu..."} ...>
                            <Moon className="h-5 w-5">
                              <_c ref={null} iconNode={[...]} className="lucide-moo...">
                                <svg
                                  ref={null}
                                  xmlns="http://www.w3.org/2000/svg"
                                  width={24}
                                  height={24}
                                  viewBox="0 0 24 24"
                                  fill="none"
                                  stroke="currentColor"
                                  strokeWidth={2}
                                  strokeLinecap="round"
                                  strokeLinejoin="round"
+                                 className="lucide lucide-moon h-5 w-5"
-                                 className="lucide lucide-sun h-5 w-5"
                                  aria-hidden="true"
                                >
+                                 <path
+                                   d="M20.985 12.486a9 9 0 1 1-9.473-9.472c.405-.022.617.46.402.803a6 6 0 0 0 8.268 8..."
+                                 >
-                                 <circle cx="12" cy="12" r="4">
                            ...
            ...

    at throwOnHydrationMismatch (webpack-internal:///(app-pages-browser)/./node_modules/.pnpm/next@15.5.12_@babel+core@7.29.0_@opentelemetry+api@1.9.0_react-dom@19.2.4_react@19.2.4__react@19.2.4/node_modules/next/dist/compiled/react-dom/cjs/react-dom-client.development.js:4506:11)
    at beginWork (webpack-internal:///(app-pages-browser)/./node_modules/.pnpm/next@15.5.12_@babel+core@7.29.0_@opentelemetry+api@1.9.0_react-dom@19.2.4_react@19.2.4__react@19.2.4/node_modules/next/dist/compiled/react-dom/cjs/react-dom-client.development.js:11107:17)
    at runWithFiberInDEV (webpack-internal:///(app-pages-browser)/./node_modules/.pnpm/next@15.5.12_@babel+core@7.29.0_@opentelemetry+api@1.9.0_react-dom@19.2.4_react@19.2.4__react@19.2.4/node_modules/next/dist/compiled/react-dom/cjs/react-dom-client.development.js:872:30)
    at performUnitOfWork (webpack-internal:///(app-pages-browser)/./node_modules/.pnpm/next@15.5.12_@babel+core@7.29.0_@opentelemetry+api@1.9.0_react-dom@19.2.4_react@19.2.4__react@19.2.4/node_modules/next/dist/compiled/react-dom/cjs/react-dom-client.development.js:15727:22)
    at workLoopSync (webpack-internal:///(app-pages-browser)/./node_modules/.pnpm/next@15.5.12_@babel+core@7.29.0_@opentelemetry+api@1.9.0_react-dom@19.2.4_react@19.2.4__react@19.2.4/node_modules/next/dist/compiled/react-dom/cjs/react-dom-client.development.js:15547:41)
    at renderRootSync (webpack-internal:///(app-pages-browser)/./node_modules/.pnpm/next@15.5.12_@babel+core@7.29.0_@opentelemetry+api@1.9.0_react-dom@19.2.4_react@19.2.4__react@19.2.4/node_modules/next/dist/compiled/react-dom/cjs/react-dom-client.development.js:15527:11)
    at performWorkOnRoot (webpack-internal:///(app-pages-browser)/./node_modules/.pnpm/next@15.5.12_@babel+core@7.29.0_@opentelemetry+api@1.9.0_react-dom@19.2.4_react@19.2.4__react@19.2.4/node_modules/next/dist/compiled/react-dom/cjs/react-dom-client.development.js:14991:13)
    at performWorkOnRootViaSchedulerTask (webpack-internal:///(app-pages-browser)/./node_modules/.pnpm/next@15.5.12_@babel+core@7.29.0_@opentelemetry+api@1.9.0_react-dom@19.2.4_react@19.2.4__react@19.2.4/node_modules/next/dist/compiled/react-dom/cjs/react-dom-client.development.js:16816:7)
    at MessagePort.performWorkUntilDeadline (webpack-internal:///(app-pages-browser)/./node_modules/.pnpm/next@15.5.12_@babel+core@7.29.0_@opentelemetry+api@1.9.0_react-dom@19.2.4_react@19.2.4__react@19.2.4/node_modules/next/dist/compiled/scheduler/cjs/scheduler.development.js:45:48)
[   15818ms] [ERROR] Failed to load resource: the server responded with a status of 404 (Not Found) @ http://localhost:3000/pagefind/pagefind.js:0
