[    7028ms] [ERROR] Failed to load resource: the server responded with a status of 500 (Internal Server Error) @ http://localhost:3000/categories:0
[   10384ms] [ERROR] Failed to load resource: the server responded with a status of 404 (Not Found) @ http://localhost:3000/favicon.ico:0
[   12048ms] TypeError: (0 , _lib_content__WEBPACK_IMPORTED_MODULE_1__.getAllCategories) is not a function
    at Component (about://React/Server/webpack-internal:///(rsc)/./app/categories/page.tsx?17:22:86)
    at resolveErrorDev (webpack-internal:///(app-pages-browser)/./node_modules/.pnpm/next@15.5.12_@babel+core@7.29.0_@opentelemetry+api@1.9.0_react-dom@19.2.4_react@19.2.4__react@19.2.4/node_modules/next/dist/compiled/react-server-dom-webpack/cjs/react-server-dom-webpack-client.browser.development.js:2396:46)
    at processFullStringRow (webpack-internal:///(app-pages-browser)/./node_modules/.pnpm/next@15.5.12_@babel+core@7.29.0_@opentelemetry+api@1.9.0_react-dom@19.2.4_react@19.2.4__react@19.2.4/node_modules/next/dist/compiled/react-server-dom-webpack/cjs/react-server-dom-webpack-client.browser.development.js:2882:23)
    at processFullBinaryRow (webpack-internal:///(app-pages-browser)/./node_modules/.pnpm/next@15.5.12_@babel+core@7.29.0_@opentelemetry+api@1.9.0_react-dom@19.2.4_react@19.2.4__react@19.2.4/node_modules/next/dist/compiled/react-server-dom-webpack/cjs/react-server-dom-webpack-client.browser.development.js:2825:7)
    at processBinaryChunk (webpack-internal:///(app-pages-browser)/./node_modules/.pnpm/next@15.5.12_@babel+core@7.29.0_@opentelemetry+api@1.9.0_react-dom@19.2.4_react@19.2.4__react@19.2.4/node_modules/next/dist/compiled/react-server-dom-webpack/cjs/react-server-dom-webpack-client.browser.development.js:3028:15)
    at progress (webpack-internal:///(app-pages-browser)/./node_modules/.pnpm/next@15.5.12_@babel+core@7.29.0_@opentelemetry+api@1.9.0_react-dom@19.2.4_react@19.2.4__react@19.2.4/node_modules/next/dist/compiled/react-server-dom-webpack/cjs/react-server-dom-webpack-client.browser.development.js:3294:13)
[   18002ms] [WARNING] The resource http://localhost:3000/_next/static/media/78fec81b34c4a365.p.woff2 was preloaded using link preload but not used within a few seconds from the window's load event. Please make sure it has an appropriate `as` value and it is preloaded intentionally. @ http://localhost:3000/categories:0
[   18010ms] [WARNING] The resource http://localhost:3000/_next/static/media/27834908180db20f-s.p.woff2 was preloaded using link preload but not used within a few seconds from the window's load event. Please make sure it has an appropriate `as` value and it is preloaded intentionally. @ http://localhost:3000/categories:0
[   18010ms] [WARNING] The resource http://localhost:3000/_next/static/css/app/layout.css?v=1773978151787 was preloaded using link preload but not used within a few seconds from the window's load event. Please make sure it has an appropriate `as` value and it is preloaded intentionally. @ http://localhost:3000/categories:0
[   18582ms] [ERROR] Failed to load resource: the server responded with a status of 500 (Internal Server Error) @ http://localhost:3000/categories:0
[   21127ms] TypeError: (0 , _lib_content__WEBPACK_IMPORTED_MODULE_1__.getAllCategories) is not a function
    at Component (about://React/Server/webpack-internal:///(rsc)/./app/categories/page.tsx?17:22:86)
    at resolveErrorDev (webpack-internal:///(app-pages-browser)/./node_modules/.pnpm/next@15.5.12_@babel+core@7.29.0_@opentelemetry+api@1.9.0_react-dom@19.2.4_react@19.2.4__react@19.2.4/node_modules/next/dist/compiled/react-server-dom-webpack/cjs/react-server-dom-webpack-client.browser.development.js:2396:46)
    at processFullStringRow (webpack-internal:///(app-pages-browser)/./node_modules/.pnpm/next@15.5.12_@babel+core@7.29.0_@opentelemetry+api@1.9.0_react-dom@19.2.4_react@19.2.4__react@19.2.4/node_modules/next/dist/compiled/react-server-dom-webpack/cjs/react-server-dom-webpack-client.browser.development.js:2882:23)
    at processFullBinaryRow (webpack-internal:///(app-pages-browser)/./node_modules/.pnpm/next@15.5.12_@babel+core@7.29.0_@opentelemetry+api@1.9.0_react-dom@19.2.4_react@19.2.4__react@19.2.4/node_modules/next/dist/compiled/react-server-dom-webpack/cjs/react-server-dom-webpack-client.browser.development.js:2825:7)
    at processBinaryChunk (webpack-internal:///(app-pages-browser)/./node_modules/.pnpm/next@15.5.12_@babel+core@7.29.0_@opentelemetry+api@1.9.0_react-dom@19.2.4_react@19.2.4__react@19.2.4/node_modules/next/dist/compiled/react-server-dom-webpack/cjs/react-server-dom-webpack-client.browser.development.js:3028:15)
    at progress (webpack-internal:///(app-pages-browser)/./node_modules/.pnpm/next@15.5.12_@babel+core@7.29.0_@opentelemetry+api@1.9.0_react-dom@19.2.4_react@19.2.4__react@19.2.4/node_modules/next/dist/compiled/react-server-dom-webpack/cjs/react-server-dom-webpack-client.browser.development.js:3294:13)
[   22327ms] [WARNING] [Fast Refresh] performing full reload because your application had an unrecoverable error @ webpack-internal:///(app-pages-browser)/./node_modules/.pnpm/next@15.5.12_@babel+core@7.29.0_@opentelemetry+api@1.9.0_react-dom@19.2.4_react@19.2.4__react@19.2.4/node_modules/next/dist/client/dev/hot-reloader/app/hot-reloader-app.js:113
[   22371ms] [ERROR] Failed to load resource: the server responded with a status of 500 (Internal Server Error) @ http://localhost:3000/categories:0
[   23288ms] TypeError: (0 , _lib_content__WEBPACK_IMPORTED_MODULE_1__.getAllCategories) is not a function
    at Component (about://React/Server/webpack-internal:///(rsc)/./app/categories/page.tsx?17:22:86)
    at resolveErrorDev (webpack-internal:///(app-pages-browser)/./node_modules/.pnpm/next@15.5.12_@babel+core@7.29.0_@opentelemetry+api@1.9.0_react-dom@19.2.4_react@19.2.4__react@19.2.4/node_modules/next/dist/compiled/react-server-dom-webpack/cjs/react-server-dom-webpack-client.browser.development.js:2396:46)
    at processFullStringRow (webpack-internal:///(app-pages-browser)/./node_modules/.pnpm/next@15.5.12_@babel+core@7.29.0_@opentelemetry+api@1.9.0_react-dom@19.2.4_react@19.2.4__react@19.2.4/node_modules/next/dist/compiled/react-server-dom-webpack/cjs/react-server-dom-webpack-client.browser.development.js:2882:23)
    at processFullBinaryRow (webpack-internal:///(app-pages-browser)/./node_modules/.pnpm/next@15.5.12_@babel+core@7.29.0_@opentelemetry+api@1.9.0_react-dom@19.2.4_react@19.2.4__react@19.2.4/node_modules/next/dist/compiled/react-server-dom-webpack/cjs/react-server-dom-webpack-client.browser.development.js:2825:7)
    at processBinaryChunk (webpack-internal:///(app-pages-browser)/./node_modules/.pnpm/next@15.5.12_@babel+core@7.29.0_@opentelemetry+api@1.9.0_react-dom@19.2.4_react@19.2.4__react@19.2.4/node_modules/next/dist/compiled/react-server-dom-webpack/cjs/react-server-dom-webpack-client.browser.development.js:3028:15)
    at progress (webpack-internal:///(app-pages-browser)/./node_modules/.pnpm/next@15.5.12_@babel+core@7.29.0_@opentelemetry+api@1.9.0_react-dom@19.2.4_react@19.2.4__react@19.2.4/node_modules/next/dist/compiled/react-server-dom-webpack/cjs/react-server-dom-webpack-client.browser.development.js:3294:13)
[   23720ms] [ERROR] Failed to load resource: the server responded with a status of 500 (Internal Server Error) @ http://localhost:3000/categories:0
[   24571ms] TypeError: (0 , _lib_content__WEBPACK_IMPORTED_MODULE_1__.getAllCategories) is not a function
    at Component (about://React/Server/webpack-internal:///(rsc)/./app/categories/page.tsx?17:22:86)
    at resolveErrorDev (webpack-internal:///(app-pages-browser)/./node_modules/.pnpm/next@15.5.12_@babel+core@7.29.0_@opentelemetry+api@1.9.0_react-dom@19.2.4_react@19.2.4__react@19.2.4/node_modules/next/dist/compiled/react-server-dom-webpack/cjs/react-server-dom-webpack-client.browser.development.js:2396:46)
    at processFullStringRow (webpack-internal:///(app-pages-browser)/./node_modules/.pnpm/next@15.5.12_@babel+core@7.29.0_@opentelemetry+api@1.9.0_react-dom@19.2.4_react@19.2.4__react@19.2.4/node_modules/next/dist/compiled/react-server-dom-webpack/cjs/react-server-dom-webpack-client.browser.development.js:2882:23)
    at processFullBinaryRow (webpack-internal:///(app-pages-browser)/./node_modules/.pnpm/next@15.5.12_@babel+core@7.29.0_@opentelemetry+api@1.9.0_react-dom@19.2.4_react@19.2.4__react@19.2.4/node_modules/next/dist/compiled/react-server-dom-webpack/cjs/react-server-dom-webpack-client.browser.development.js:2825:7)
    at processBinaryChunk (webpack-internal:///(app-pages-browser)/./node_modules/.pnpm/next@15.5.12_@babel+core@7.29.0_@opentelemetry+api@1.9.0_react-dom@19.2.4_react@19.2.4__react@19.2.4/node_modules/next/dist/compiled/react-server-dom-webpack/cjs/react-server-dom-webpack-client.browser.development.js:3028:15)
    at progress (webpack-internal:///(app-pages-browser)/./node_modules/.pnpm/next@15.5.12_@babel+core@7.29.0_@opentelemetry+api@1.9.0_react-dom@19.2.4_react@19.2.4__react@19.2.4/node_modules/next/dist/compiled/react-server-dom-webpack/cjs/react-server-dom-webpack-client.browser.development.js:3294:13)
[   24780ms] [WARNING] [Fast Refresh] performing full reload because your application had an unrecoverable error @ webpack-internal:///(app-pages-browser)/./node_modules/.pnpm/next@15.5.12_@babel+core@7.29.0_@opentelemetry+api@1.9.0_react-dom@19.2.4_react@19.2.4__react@19.2.4/node_modules/next/dist/client/dev/hot-reloader/app/hot-reloader-app.js:113
[   24846ms] [ERROR] Failed to load resource: the server responded with a status of 500 (Internal Server Error) @ http://localhost:3000/categories:0
[   25817ms] TypeError: (0 , _lib_content__WEBPACK_IMPORTED_MODULE_1__.getAllCategories) is not a function
    at Component (about://React/Server/webpack-internal:///(rsc)/./app/categories/page.tsx?17:22:86)
    at resolveErrorDev (webpack-internal:///(app-pages-browser)/./node_modules/.pnpm/next@15.5.12_@babel+core@7.29.0_@opentelemetry+api@1.9.0_react-dom@19.2.4_react@19.2.4__react@19.2.4/node_modules/next/dist/compiled/react-server-dom-webpack/cjs/react-server-dom-webpack-client.browser.development.js:2396:46)
    at processFullStringRow (webpack-internal:///(app-pages-browser)/./node_modules/.pnpm/next@15.5.12_@babel+core@7.29.0_@opentelemetry+api@1.9.0_react-dom@19.2.4_react@19.2.4__react@19.2.4/node_modules/next/dist/compiled/react-server-dom-webpack/cjs/react-server-dom-webpack-client.browser.development.js:2882:23)
    at processFullBinaryRow (webpack-internal:///(app-pages-browser)/./node_modules/.pnpm/next@15.5.12_@babel+core@7.29.0_@opentelemetry+api@1.9.0_react-dom@19.2.4_react@19.2.4__react@19.2.4/node_modules/next/dist/compiled/react-server-dom-webpack/cjs/react-server-dom-webpack-client.browser.development.js:2825:7)
    at processBinaryChunk (webpack-internal:///(app-pages-browser)/./node_modules/.pnpm/next@15.5.12_@babel+core@7.29.0_@opentelemetry+api@1.9.0_react-dom@19.2.4_react@19.2.4__react@19.2.4/node_modules/next/dist/compiled/react-server-dom-webpack/cjs/react-server-dom-webpack-client.browser.development.js:3028:15)
    at progress (webpack-internal:///(app-pages-browser)/./node_modules/.pnpm/next@15.5.12_@babel+core@7.29.0_@opentelemetry+api@1.9.0_react-dom@19.2.4_react@19.2.4__react@19.2.4/node_modules/next/dist/compiled/react-server-dom-webpack/cjs/react-server-dom-webpack-client.browser.development.js:3294:13)
[   26023ms] [WARNING] [Fast Refresh] performing full reload because your application had an unrecoverable error @ webpack-internal:///(app-pages-browser)/./node_modules/.pnpm/next@15.5.12_@babel+core@7.29.0_@opentelemetry+api@1.9.0_react-dom@19.2.4_react@19.2.4__react@19.2.4/node_modules/next/dist/client/dev/hot-reloader/app/hot-reloader-app.js:113
[   26085ms] [ERROR] Failed to load resource: the server responded with a status of 500 (Internal Server Error) @ http://localhost:3000/categories:0
[   26995ms] TypeError: (0 , _lib_content__WEBPACK_IMPORTED_MODULE_1__.getAllCategories) is not a function
    at Component (about://React/Server/webpack-internal:///(rsc)/./app/categories/page.tsx?17:22:86)
    at resolveErrorDev (webpack-internal:///(app-pages-browser)/./node_modules/.pnpm/next@15.5.12_@babel+core@7.29.0_@opentelemetry+api@1.9.0_react-dom@19.2.4_react@19.2.4__react@19.2.4/node_modules/next/dist/compiled/react-server-dom-webpack/cjs/react-server-dom-webpack-client.browser.development.js:2396:46)
    at processFullStringRow (webpack-internal:///(app-pages-browser)/./node_modules/.pnpm/next@15.5.12_@babel+core@7.29.0_@opentelemetry+api@1.9.0_react-dom@19.2.4_react@19.2.4__react@19.2.4/node_modules/next/dist/compiled/react-server-dom-webpack/cjs/react-server-dom-webpack-client.browser.development.js:2882:23)
    at processFullBinaryRow (webpack-internal:///(app-pages-browser)/./node_modules/.pnpm/next@15.5.12_@babel+core@7.29.0_@opentelemetry+api@1.9.0_react-dom@19.2.4_react@19.2.4__react@19.2.4/node_modules/next/dist/compiled/react-server-dom-webpack/cjs/react-server-dom-webpack-client.browser.development.js:2825:7)
    at processBinaryChunk (webpack-internal:///(app-pages-browser)/./node_modules/.pnpm/next@15.5.12_@babel+core@7.29.0_@opentelemetry+api@1.9.0_react-dom@19.2.4_react@19.2.4__react@19.2.4/node_modules/next/dist/compiled/react-server-dom-webpack/cjs/react-server-dom-webpack-client.browser.development.js:3028:15)
    at progress (webpack-internal:///(app-pages-browser)/./node_modules/.pnpm/next@15.5.12_@babel+core@7.29.0_@opentelemetry+api@1.9.0_react-dom@19.2.4_react@19.2.4__react@19.2.4/node_modules/next/dist/compiled/react-server-dom-webpack/cjs/react-server-dom-webpack-client.browser.development.js:3294:13)
[   27172ms] [WARNING] [Fast Refresh] performing full reload because your application had an unrecoverable error @ webpack-internal:///(app-pages-browser)/./node_modules/.pnpm/next@15.5.12_@babel+core@7.29.0_@opentelemetry+api@1.9.0_react-dom@19.2.4_react@19.2.4__react@19.2.4/node_modules/next/dist/client/dev/hot-reloader/app/hot-reloader-app.js:113
[   27237ms] [ERROR] Failed to load resource: the server responded with a status of 500 (Internal Server Error) @ http://localhost:3000/categories:0
[   28212ms] TypeError: (0 , _lib_content__WEBPACK_IMPORTED_MODULE_1__.getAllCategories) is not a function
    at Component (about://React/Server/webpack-internal:///(rsc)/./app/categories/page.tsx?17:22:86)
    at resolveErrorDev (webpack-internal:///(app-pages-browser)/./node_modules/.pnpm/next@15.5.12_@babel+core@7.29.0_@opentelemetry+api@1.9.0_react-dom@19.2.4_react@19.2.4__react@19.2.4/node_modules/next/dist/compiled/react-server-dom-webpack/cjs/react-server-dom-webpack-client.browser.development.js:2396:46)
    at processFullStringRow (webpack-internal:///(app-pages-browser)/./node_modules/.pnpm/next@15.5.12_@babel+core@7.29.0_@opentelemetry+api@1.9.0_react-dom@19.2.4_react@19.2.4__react@19.2.4/node_modules/next/dist/compiled/react-server-dom-webpack/cjs/react-server-dom-webpack-client.browser.development.js:2882:23)
    at processFullBinaryRow (webpack-internal:///(app-pages-browser)/./node_modules/.pnpm/next@15.5.12_@babel+core@7.29.0_@opentelemetry+api@1.9.0_react-dom@19.2.4_react@19.2.4__react@19.2.4/node_modules/next/dist/compiled/react-server-dom-webpack/cjs/react-server-dom-webpack-client.browser.development.js:2825:7)
    at processBinaryChunk (webpack-internal:///(app-pages-browser)/./node_modules/.pnpm/next@15.5.12_@babel+core@7.29.0_@opentelemetry+api@1.9.0_react-dom@19.2.4_react@19.2.4__react@19.2.4/node_modules/next/dist/compiled/react-server-dom-webpack/cjs/react-server-dom-webpack-client.browser.development.js:3028:15)
    at progress (webpack-internal:///(app-pages-browser)/./node_modules/.pnpm/next@15.5.12_@babel+core@7.29.0_@opentelemetry+api@1.9.0_react-dom@19.2.4_react@19.2.4__react@19.2.4/node_modules/next/dist/compiled/react-server-dom-webpack/cjs/react-server-dom-webpack-client.browser.development.js:3294:13)
[   28441ms] [ERROR] Failed to load resource: the server responded with a status of 500 (Internal Server Error) @ http://localhost:3000/categories:0
[   29223ms] TypeError: (0 , _lib_content__WEBPACK_IMPORTED_MODULE_1__.getAllCategories) is not a function
    at Component (about://React/Server/webpack-internal:///(rsc)/./app/categories/page.tsx?17:22:86)
    at resolveErrorDev (webpack-internal:///(app-pages-browser)/./node_modules/.pnpm/next@15.5.12_@babel+core@7.29.0_@opentelemetry+api@1.9.0_react-dom@19.2.4_react@19.2.4__react@19.2.4/node_modules/next/dist/compiled/react-server-dom-webpack/cjs/react-server-dom-webpack-client.browser.development.js:2396:46)
    at processFullStringRow (webpack-internal:///(app-pages-browser)/./node_modules/.pnpm/next@15.5.12_@babel+core@7.29.0_@opentelemetry+api@1.9.0_react-dom@19.2.4_react@19.2.4__react@19.2.4/node_modules/next/dist/compiled/react-server-dom-webpack/cjs/react-server-dom-webpack-client.browser.development.js:2882:23)
    at processFullBinaryRow (webpack-internal:///(app-pages-browser)/./node_modules/.pnpm/next@15.5.12_@babel+core@7.29.0_@opentelemetry+api@1.9.0_react-dom@19.2.4_react@19.2.4__react@19.2.4/node_modules/next/dist/compiled/react-server-dom-webpack/cjs/react-server-dom-webpack-client.browser.development.js:2825:7)
    at processBinaryChunk (webpack-internal:///(app-pages-browser)/./node_modules/.pnpm/next@15.5.12_@babel+core@7.29.0_@opentelemetry+api@1.9.0_react-dom@19.2.4_react@19.2.4__react@19.2.4/node_modules/next/dist/compiled/react-server-dom-webpack/cjs/react-server-dom-webpack-client.browser.development.js:3028:15)
    at progress (webpack-internal:///(app-pages-browser)/./node_modules/.pnpm/next@15.5.12_@babel+core@7.29.0_@opentelemetry+api@1.9.0_react-dom@19.2.4_react@19.2.4__react@19.2.4/node_modules/next/dist/compiled/react-server-dom-webpack/cjs/react-server-dom-webpack-client.browser.development.js:3294:13)
[   29388ms] [WARNING] [Fast Refresh] performing full reload because your application had an unrecoverable error @ webpack-internal:///(app-pages-browser)/./node_modules/.pnpm/next@15.5.12_@babel+core@7.29.0_@opentelemetry+api@1.9.0_react-dom@19.2.4_react@19.2.4__react@19.2.4/node_modules/next/dist/client/dev/hot-reloader/app/hot-reloader-app.js:113
[   29602ms] [ERROR] Failed to load resource: the server responded with a status of 500 (Internal Server Error) @ http://localhost:3000/categories:0
[   30484ms] TypeError: (0 , _lib_content__WEBPACK_IMPORTED_MODULE_1__.getAllCategories) is not a function
    at Component (about://React/Server/webpack-internal:///(rsc)/./app/categories/page.tsx?17:22:86)
    at resolveErrorDev (webpack-internal:///(app-pages-browser)/./node_modules/.pnpm/next@15.5.12_@babel+core@7.29.0_@opentelemetry+api@1.9.0_react-dom@19.2.4_react@19.2.4__react@19.2.4/node_modules/next/dist/compiled/react-server-dom-webpack/cjs/react-server-dom-webpack-client.browser.development.js:2396:46)
    at processFullStringRow (webpack-internal:///(app-pages-browser)/./node_modules/.pnpm/next@15.5.12_@babel+core@7.29.0_@opentelemetry+api@1.9.0_react-dom@19.2.4_react@19.2.4__react@19.2.4/node_modules/next/dist/compiled/react-server-dom-webpack/cjs/react-server-dom-webpack-client.browser.development.js:2882:23)
    at processFullBinaryRow (webpack-internal:///(app-pages-browser)/./node_modules/.pnpm/next@15.5.12_@babel+core@7.29.0_@opentelemetry+api@1.9.0_react-dom@19.2.4_react@19.2.4__react@19.2.4/node_modules/next/dist/compiled/react-server-dom-webpack/cjs/react-server-dom-webpack-client.browser.development.js:2825:7)
    at processBinaryChunk (webpack-internal:///(app-pages-browser)/./node_modules/.pnpm/next@15.5.12_@babel+core@7.29.0_@opentelemetry+api@1.9.0_react-dom@19.2.4_react@19.2.4__react@19.2.4/node_modules/next/dist/compiled/react-server-dom-webpack/cjs/react-server-dom-webpack-client.browser.development.js:3028:15)
    at progress (webpack-internal:///(app-pages-browser)/./node_modules/.pnpm/next@15.5.12_@babel+core@7.29.0_@opentelemetry+api@1.9.0_react-dom@19.2.4_react@19.2.4__react@19.2.4/node_modules/next/dist/compiled/react-server-dom-webpack/cjs/react-server-dom-webpack-client.browser.development.js:3294:13)
[   30954ms] [WARNING] [Fast Refresh] performing full reload because your application had an unrecoverable error @ webpack-internal:///(app-pages-browser)/./node_modules/.pnpm/next@15.5.12_@babel+core@7.29.0_@opentelemetry+api@1.9.0_react-dom@19.2.4_react@19.2.4__react@19.2.4/node_modules/next/dist/client/dev/hot-reloader/app/hot-reloader-app.js:113
[   31038ms] [ERROR] Failed to load resource: the server responded with a status of 500 (Internal Server Error) @ http://localhost:3000/categories:0
[   31842ms] TypeError: (0 , _lib_content__WEBPACK_IMPORTED_MODULE_1__.getAllCategories) is not a function
    at Component (about://React/Server/webpack-internal:///(rsc)/./app/categories/page.tsx?17:22:86)
    at resolveErrorDev (webpack-internal:///(app-pages-browser)/./node_modules/.pnpm/next@15.5.12_@babel+core@7.29.0_@opentelemetry+api@1.9.0_react-dom@19.2.4_react@19.2.4__react@19.2.4/node_modules/next/dist/compiled/react-server-dom-webpack/cjs/react-server-dom-webpack-client.browser.development.js:2396:46)
    at processFullStringRow (webpack-internal:///(app-pages-browser)/./node_modules/.pnpm/next@15.5.12_@babel+core@7.29.0_@opentelemetry+api@1.9.0_react-dom@19.2.4_react@19.2.4__react@19.2.4/node_modules/next/dist/compiled/react-server-dom-webpack/cjs/react-server-dom-webpack-client.browser.development.js:2882:23)
    at processFullBinaryRow (webpack-internal:///(app-pages-browser)/./node_modules/.pnpm/next@15.5.12_@babel+core@7.29.0_@opentelemetry+api@1.9.0_react-dom@19.2.4_react@19.2.4__react@19.2.4/node_modules/next/dist/compiled/react-server-dom-webpack/cjs/react-server-dom-webpack-client.browser.development.js:2825:7)
    at processBinaryChunk (webpack-internal:///(app-pages-browser)/./node_modules/.pnpm/next@15.5.12_@babel+core@7.29.0_@opentelemetry+api@1.9.0_react-dom@19.2.4_react@19.2.4__react@19.2.4/node_modules/next/dist/compiled/react-server-dom-webpack/cjs/react-server-dom-webpack-client.browser.development.js:3028:15)
    at progress (webpack-internal:///(app-pages-browser)/./node_modules/.pnpm/next@15.5.12_@babel+core@7.29.0_@opentelemetry+api@1.9.0_react-dom@19.2.4_react@19.2.4__react@19.2.4/node_modules/next/dist/compiled/react-server-dom-webpack/cjs/react-server-dom-webpack-client.browser.development.js:3294:13)
[   31992ms] [WARNING] [Fast Refresh] performing full reload because your application had an unrecoverable error @ webpack-internal:///(app-pages-browser)/./node_modules/.pnpm/next@15.5.12_@babel+core@7.29.0_@opentelemetry+api@1.9.0_react-dom@19.2.4_react@19.2.4__react@19.2.4/node_modules/next/dist/client/dev/hot-reloader/app/hot-reloader-app.js:113
[   32060ms] [ERROR] Failed to load resource: the server responded with a status of 500 (Internal Server Error) @ http://localhost:3000/categories:0
[   33310ms] TypeError: (0 , _lib_content__WEBPACK_IMPORTED_MODULE_1__.getAllCategories) is not a function
    at Component (about://React/Server/webpack-internal:///(rsc)/./app/categories/page.tsx?17:22:86)
    at resolveErrorDev (webpack-internal:///(app-pages-browser)/./node_modules/.pnpm/next@15.5.12_@babel+core@7.29.0_@opentelemetry+api@1.9.0_react-dom@19.2.4_react@19.2.4__react@19.2.4/node_modules/next/dist/compiled/react-server-dom-webpack/cjs/react-server-dom-webpack-client.browser.development.js:2396:46)
    at processFullStringRow (webpack-internal:///(app-pages-browser)/./node_modules/.pnpm/next@15.5.12_@babel+core@7.29.0_@opentelemetry+api@1.9.0_react-dom@19.2.4_react@19.2.4__react@19.2.4/node_modules/next/dist/compiled/react-server-dom-webpack/cjs/react-server-dom-webpack-client.browser.development.js:2882:23)
    at processFullBinaryRow (webpack-internal:///(app-pages-browser)/./node_modules/.pnpm/next@15.5.12_@babel+core@7.29.0_@opentelemetry+api@1.9.0_react-dom@19.2.4_react@19.2.4__react@19.2.4/node_modules/next/dist/compiled/react-server-dom-webpack/cjs/react-server-dom-webpack-client.browser.development.js:2825:7)
    at processBinaryChunk (webpack-internal:///(app-pages-browser)/./node_modules/.pnpm/next@15.5.12_@babel+core@7.29.0_@opentelemetry+api@1.9.0_react-dom@19.2.4_react@19.2.4__react@19.2.4/node_modules/next/dist/compiled/react-server-dom-webpack/cjs/react-server-dom-webpack-client.browser.development.js:3028:15)
    at progress (webpack-internal:///(app-pages-browser)/./node_modules/.pnpm/next@15.5.12_@babel+core@7.29.0_@opentelemetry+api@1.9.0_react-dom@19.2.4_react@19.2.4__react@19.2.4/node_modules/next/dist/compiled/react-server-dom-webpack/cjs/react-server-dom-webpack-client.browser.development.js:3294:13)
[   33538ms] [WARNING] [Fast Refresh] performing full reload because your application had an unrecoverable error @ webpack-internal:///(app-pages-browser)/./node_modules/.pnpm/next@15.5.12_@babel+core@7.29.0_@opentelemetry+api@1.9.0_react-dom@19.2.4_react@19.2.4__react@19.2.4/node_modules/next/dist/client/dev/hot-reloader/app/hot-reloader-app.js:113
[   33592ms] [ERROR] Failed to load resource: the server responded with a status of 500 (Internal Server Error) @ http://localhost:3000/categories:0
[   34401ms] TypeError: (0 , _lib_content__WEBPACK_IMPORTED_MODULE_1__.getAllCategories) is not a function
    at Component (about://React/Server/webpack-internal:///(rsc)/./app/categories/page.tsx?17:22:86)
    at resolveErrorDev (webpack-internal:///(app-pages-browser)/./node_modules/.pnpm/next@15.5.12_@babel+core@7.29.0_@opentelemetry+api@1.9.0_react-dom@19.2.4_react@19.2.4__react@19.2.4/node_modules/next/dist/compiled/react-server-dom-webpack/cjs/react-server-dom-webpack-client.browser.development.js:2396:46)
    at processFullStringRow (webpack-internal:///(app-pages-browser)/./node_modules/.pnpm/next@15.5.12_@babel+core@7.29.0_@opentelemetry+api@1.9.0_react-dom@19.2.4_react@19.2.4__react@19.2.4/node_modules/next/dist/compiled/react-server-dom-webpack/cjs/react-server-dom-webpack-client.browser.development.js:2882:23)
    at processFullBinaryRow (webpack-internal:///(app-pages-browser)/./node_modules/.pnpm/next@15.5.12_@babel+core@7.29.0_@opentelemetry+api@1.9.0_react-dom@19.2.4_react@19.2.4__react@19.2.4/node_modules/next/dist/compiled/react-server-dom-webpack/cjs/react-server-dom-webpack-client.browser.development.js:2825:7)
    at processBinaryChunk (webpack-internal:///(app-pages-browser)/./node_modules/.pnpm/next@15.5.12_@babel+core@7.29.0_@opentelemetry+api@1.9.0_react-dom@19.2.4_react@19.2.4__react@19.2.4/node_modules/next/dist/compiled/react-server-dom-webpack/cjs/react-server-dom-webpack-client.browser.development.js:3028:15)
    at progress (webpack-internal:///(app-pages-browser)/./node_modules/.pnpm/next@15.5.12_@babel+core@7.29.0_@opentelemetry+api@1.9.0_react-dom@19.2.4_react@19.2.4__react@19.2.4/node_modules/next/dist/compiled/react-server-dom-webpack/cjs/react-server-dom-webpack-client.browser.development.js:3294:13)
[   34612ms] [WARNING] [Fast Refresh] performing full reload because your application had an unrecoverable error @ webpack-internal:///(app-pages-browser)/./node_modules/.pnpm/next@15.5.12_@babel+core@7.29.0_@opentelemetry+api@1.9.0_react-dom@19.2.4_react@19.2.4__react@19.2.4/node_modules/next/dist/client/dev/hot-reloader/app/hot-reloader-app.js:113
[   34657ms] [ERROR] Failed to load resource: the server responded with a status of 500 (Internal Server Error) @ http://localhost:3000/categories:0
[   35416ms] TypeError: (0 , _lib_content__WEBPACK_IMPORTED_MODULE_1__.getAllCategories) is not a function
    at Component (about://React/Server/webpack-internal:///(rsc)/./app/categories/page.tsx?17:22:86)
    at resolveErrorDev (webpack-internal:///(app-pages-browser)/./node_modules/.pnpm/next@15.5.12_@babel+core@7.29.0_@opentelemetry+api@1.9.0_react-dom@19.2.4_react@19.2.4__react@19.2.4/node_modules/next/dist/compiled/react-server-dom-webpack/cjs/react-server-dom-webpack-client.browser.development.js:2396:46)
    at processFullStringRow (webpack-internal:///(app-pages-browser)/./node_modules/.pnpm/next@15.5.12_@babel+core@7.29.0_@opentelemetry+api@1.9.0_react-dom@19.2.4_react@19.2.4__react@19.2.4/node_modules/next/dist/compiled/react-server-dom-webpack/cjs/react-server-dom-webpack-client.browser.development.js:2882:23)
    at processFullBinaryRow (webpack-internal:///(app-pages-browser)/./node_modules/.pnpm/next@15.5.12_@babel+core@7.29.0_@opentelemetry+api@1.9.0_react-dom@19.2.4_react@19.2.4__react@19.2.4/node_modules/next/dist/compiled/react-server-dom-webpack/cjs/react-server-dom-webpack-client.browser.development.js:2825:7)
    at processBinaryChunk (webpack-internal:///(app-pages-browser)/./node_modules/.pnpm/next@15.5.12_@babel+core@7.29.0_@opentelemetry+api@1.9.0_react-dom@19.2.4_react@19.2.4__react@19.2.4/node_modules/next/dist/compiled/react-server-dom-webpack/cjs/react-server-dom-webpack-client.browser.development.js:3028:15)
    at progress (webpack-internal:///(app-pages-browser)/./node_modules/.pnpm/next@15.5.12_@babel+core@7.29.0_@opentelemetry+api@1.9.0_react-dom@19.2.4_react@19.2.4__react@19.2.4/node_modules/next/dist/compiled/react-server-dom-webpack/cjs/react-server-dom-webpack-client.browser.development.js:3294:13)
[   35584ms] [WARNING] [Fast Refresh] performing full reload because your application had an unrecoverable error @ webpack-internal:///(app-pages-browser)/./node_modules/.pnpm/next@15.5.12_@babel+core@7.29.0_@opentelemetry+api@1.9.0_react-dom@19.2.4_react@19.2.4__react@19.2.4/node_modules/next/dist/client/dev/hot-reloader/app/hot-reloader-app.js:113
[   35649ms] [ERROR] Failed to load resource: the server responded with a status of 500 (Internal Server Error) @ http://localhost:3000/categories:0
[   36412ms] TypeError: (0 , _lib_content__WEBPACK_IMPORTED_MODULE_1__.getAllCategories) is not a function
    at Component (about://React/Server/webpack-internal:///(rsc)/./app/categories/page.tsx?17:22:86)
    at resolveErrorDev (webpack-internal:///(app-pages-browser)/./node_modules/.pnpm/next@15.5.12_@babel+core@7.29.0_@opentelemetry+api@1.9.0_react-dom@19.2.4_react@19.2.4__react@19.2.4/node_modules/next/dist/compiled/react-server-dom-webpack/cjs/react-server-dom-webpack-client.browser.development.js:2396:46)
    at processFullStringRow (webpack-internal:///(app-pages-browser)/./node_modules/.pnpm/next@15.5.12_@babel+core@7.29.0_@opentelemetry+api@1.9.0_react-dom@19.2.4_react@19.2.4__react@19.2.4/node_modules/next/dist/compiled/react-server-dom-webpack/cjs/react-server-dom-webpack-client.browser.development.js:2882:23)
    at processFullBinaryRow (webpack-internal:///(app-pages-browser)/./node_modules/.pnpm/next@15.5.12_@babel+core@7.29.0_@opentelemetry+api@1.9.0_react-dom@19.2.4_react@19.2.4__react@19.2.4/node_modules/next/dist/compiled/react-server-dom-webpack/cjs/react-server-dom-webpack-client.browser.development.js:2825:7)
    at processBinaryChunk (webpack-internal:///(app-pages-browser)/./node_modules/.pnpm/next@15.5.12_@babel+core@7.29.0_@opentelemetry+api@1.9.0_react-dom@19.2.4_react@19.2.4__react@19.2.4/node_modules/next/dist/compiled/react-server-dom-webpack/cjs/react-server-dom-webpack-client.browser.development.js:3028:15)
    at progress (webpack-internal:///(app-pages-browser)/./node_modules/.pnpm/next@15.5.12_@babel+core@7.29.0_@opentelemetry+api@1.9.0_react-dom@19.2.4_react@19.2.4__react@19.2.4/node_modules/next/dist/compiled/react-server-dom-webpack/cjs/react-server-dom-webpack-client.browser.development.js:3294:13)
[   36576ms] [WARNING] [Fast Refresh] performing full reload because your application had an unrecoverable error @ webpack-internal:///(app-pages-browser)/./node_modules/.pnpm/next@15.5.12_@babel+core@7.29.0_@opentelemetry+api@1.9.0_react-dom@19.2.4_react@19.2.4__react@19.2.4/node_modules/next/dist/client/dev/hot-reloader/app/hot-reloader-app.js:113
[   36606ms] [ERROR] Failed to load resource: the server responded with a status of 500 (Internal Server Error) @ http://localhost:3000/categories:0
[   37343ms] TypeError: (0 , _lib_content__WEBPACK_IMPORTED_MODULE_1__.getAllCategories) is not a function
    at Component (about://React/Server/webpack-internal:///(rsc)/./app/categories/page.tsx?17:22:86)
    at resolveErrorDev (webpack-internal:///(app-pages-browser)/./node_modules/.pnpm/next@15.5.12_@babel+core@7.29.0_@opentelemetry+api@1.9.0_react-dom@19.2.4_react@19.2.4__react@19.2.4/node_modules/next/dist/compiled/react-server-dom-webpack/cjs/react-server-dom-webpack-client.browser.development.js:2396:46)
    at processFullStringRow (webpack-internal:///(app-pages-browser)/./node_modules/.pnpm/next@15.5.12_@babel+core@7.29.0_@opentelemetry+api@1.9.0_react-dom@19.2.4_react@19.2.4__react@19.2.4/node_modules/next/dist/compiled/react-server-dom-webpack/cjs/react-server-dom-webpack-client.browser.development.js:2882:23)
    at processFullBinaryRow (webpack-internal:///(app-pages-browser)/./node_modules/.pnpm/next@15.5.12_@babel+core@7.29.0_@opentelemetry+api@1.9.0_react-dom@19.2.4_react@19.2.4__react@19.2.4/node_modules/next/dist/compiled/react-server-dom-webpack/cjs/react-server-dom-webpack-client.browser.development.js:2825:7)
    at processBinaryChunk (webpack-internal:///(app-pages-browser)/./node_modules/.pnpm/next@15.5.12_@babel+core@7.29.0_@opentelemetry+api@1.9.0_react-dom@19.2.4_react@19.2.4__react@19.2.4/node_modules/next/dist/compiled/react-server-dom-webpack/cjs/react-server-dom-webpack-client.browser.development.js:3028:15)
    at progress (webpack-internal:///(app-pages-browser)/./node_modules/.pnpm/next@15.5.12_@babel+core@7.29.0_@opentelemetry+api@1.9.0_react-dom@19.2.4_react@19.2.4__react@19.2.4/node_modules/next/dist/compiled/react-server-dom-webpack/cjs/react-server-dom-webpack-client.browser.development.js:3294:13)
[   37518ms] [WARNING] [Fast Refresh] performing full reload because your application had an unrecoverable error @ webpack-internal:///(app-pages-browser)/./node_modules/.pnpm/next@15.5.12_@babel+core@7.29.0_@opentelemetry+api@1.9.0_react-dom@19.2.4_react@19.2.4__react@19.2.4/node_modules/next/dist/client/dev/hot-reloader/app/hot-reloader-app.js:113
[   37579ms] [ERROR] Failed to load resource: the server responded with a status of 500 (Internal Server Error) @ http://localhost:3000/categories:0
[   38390ms] TypeError: (0 , _lib_content__WEBPACK_IMPORTED_MODULE_1__.getAllCategories) is not a function
    at Component (about://React/Server/webpack-internal:///(rsc)/./app/categories/page.tsx?17:22:86)
    at resolveErrorDev (webpack-internal:///(app-pages-browser)/./node_modules/.pnpm/next@15.5.12_@babel+core@7.29.0_@opentelemetry+api@1.9.0_react-dom@19.2.4_react@19.2.4__react@19.2.4/node_modules/next/dist/compiled/react-server-dom-webpack/cjs/react-server-dom-webpack-client.browser.development.js:2396:46)
    at processFullStringRow (webpack-internal:///(app-pages-browser)/./node_modules/.pnpm/next@15.5.12_@babel+core@7.29.0_@opentelemetry+api@1.9.0_react-dom@19.2.4_react@19.2.4__react@19.2.4/node_modules/next/dist/compiled/react-server-dom-webpack/cjs/react-server-dom-webpack-client.browser.development.js:2882:23)
    at processFullBinaryRow (webpack-internal:///(app-pages-browser)/./node_modules/.pnpm/next@15.5.12_@babel+core@7.29.0_@opentelemetry+api@1.9.0_react-dom@19.2.4_react@19.2.4__react@19.2.4/node_modules/next/dist/compiled/react-server-dom-webpack/cjs/react-server-dom-webpack-client.browser.development.js:2825:7)
    at processBinaryChunk (webpack-internal:///(app-pages-browser)/./node_modules/.pnpm/next@15.5.12_@babel+core@7.29.0_@opentelemetry+api@1.9.0_react-dom@19.2.4_react@19.2.4__react@19.2.4/node_modules/next/dist/compiled/react-server-dom-webpack/cjs/react-server-dom-webpack-client.browser.development.js:3028:15)
    at progress (webpack-internal:///(app-pages-browser)/./node_modules/.pnpm/next@15.5.12_@babel+core@7.29.0_@opentelemetry+api@1.9.0_react-dom@19.2.4_react@19.2.4__react@19.2.4/node_modules/next/dist/compiled/react-server-dom-webpack/cjs/react-server-dom-webpack-client.browser.development.js:3294:13)
[   38554ms] [WARNING] [Fast Refresh] performing full reload because your application had an unrecoverable error @ webpack-internal:///(app-pages-browser)/./node_modules/.pnpm/next@15.5.12_@babel+core@7.29.0_@opentelemetry+api@1.9.0_react-dom@19.2.4_react@19.2.4__react@19.2.4/node_modules/next/dist/client/dev/hot-reloader/app/hot-reloader-app.js:113
[   38604ms] [ERROR] Failed to load resource: the server responded with a status of 500 (Internal Server Error) @ http://localhost:3000/categories:0
[   39385ms] TypeError: (0 , _lib_content__WEBPACK_IMPORTED_MODULE_1__.getAllCategories) is not a function
    at Component (about://React/Server/webpack-internal:///(rsc)/./app/categories/page.tsx?17:22:86)
    at resolveErrorDev (webpack-internal:///(app-pages-browser)/./node_modules/.pnpm/next@15.5.12_@babel+core@7.29.0_@opentelemetry+api@1.9.0_react-dom@19.2.4_react@19.2.4__react@19.2.4/node_modules/next/dist/compiled/react-server-dom-webpack/cjs/react-server-dom-webpack-client.browser.development.js:2396:46)
    at processFullStringRow (webpack-internal:///(app-pages-browser)/./node_modules/.pnpm/next@15.5.12_@babel+core@7.29.0_@opentelemetry+api@1.9.0_react-dom@19.2.4_react@19.2.4__react@19.2.4/node_modules/next/dist/compiled/react-server-dom-webpack/cjs/react-server-dom-webpack-client.browser.development.js:2882:23)
    at processFullBinaryRow (webpack-internal:///(app-pages-browser)/./node_modules/.pnpm/next@15.5.12_@babel+core@7.29.0_@opentelemetry+api@1.9.0_react-dom@19.2.4_react@19.2.4__react@19.2.4/node_modules/next/dist/compiled/react-server-dom-webpack/cjs/react-server-dom-webpack-client.browser.development.js:2825:7)
    at processBinaryChunk (webpack-internal:///(app-pages-browser)/./node_modules/.pnpm/next@15.5.12_@babel+core@7.29.0_@opentelemetry+api@1.9.0_react-dom@19.2.4_react@19.2.4__react@19.2.4/node_modules/next/dist/compiled/react-server-dom-webpack/cjs/react-server-dom-webpack-client.browser.development.js:3028:15)
    at progress (webpack-internal:///(app-pages-browser)/./node_modules/.pnpm/next@15.5.12_@babel+core@7.29.0_@opentelemetry+api@1.9.0_react-dom@19.2.4_react@19.2.4__react@19.2.4/node_modules/next/dist/compiled/react-server-dom-webpack/cjs/react-server-dom-webpack-client.browser.development.js:3294:13)
[   39749ms] [WARNING] [Fast Refresh] performing full reload because your application had an unrecoverable error @ webpack-internal:///(app-pages-browser)/./node_modules/.pnpm/next@15.5.12_@babel+core@7.29.0_@opentelemetry+api@1.9.0_react-dom@19.2.4_react@19.2.4__react@19.2.4/node_modules/next/dist/client/dev/hot-reloader/app/hot-reloader-app.js:113
[   45068ms] Error: Hydration failed because the server rendered HTML didn't match the client. As a result this tree will be regenerated on the client. This can happen if a SSR-ed Client Component used:

- A server/client branch `if (typeof window !== 'undefined')`.
- Variable input such as `Date.now()` or `Math.random()` which changes each time it's called.
- Date formatting in a user's locale which doesn't match the server.
- External changing data without sending a snapshot of it along with the HTML.
- Invalid HTML tag nesting.

It can also happen if the client has a browser extension installed which messes with the HTML before React loaded.

https://react.dev/link/hydration-mismatch

  ...
    <link>
    <RootLayout>
      <html lang="en" className="__variable...">
        <body className="bg-zinc-50...">
          <ThemeProvider>
            <Header>
              <header className="border-b b...">
                <div className="max-w-5xl ...">
                  <div className="flex justi...">
                    <LinkComponent>
                    <div className="flex items...">
                      <nav>
                      <SearchModal>
                      <ThemeToggle>
                        <Button variant="ghost" size="icon" onClick={function toggleTheme} aria-label="Toggle theme" ...>
                          <button data-slot="button" data-variant="ghost" data-size="icon" className={"group/bu..."} ...>
                            <Moon className="h-5 w-5">
                              <_c ref={null} iconNode={[...]} className="lucide-moo...">
                                <svg
                                  ref={null}
                                  xmlns="http://www.w3.org/2000/svg"
                                  width={24}
                                  height={24}
                                  viewBox="0 0 24 24"
                                  fill="none"
                                  stroke="currentColor"
                                  strokeWidth={2}
                                  strokeLinecap="round"
                                  strokeLinejoin="round"
+                                 className="lucide lucide-moon h-5 w-5"
-                                 className="lucide lucide-sun h-5 w-5"
                                  aria-hidden="true"
                                >
+                                 <path
+                                   d="M20.985 12.486a9 9 0 1 1-9.473-9.472c.405-.022.617.46.402.803a6 6 0 0 0 8.268 8..."
+                                 >
-                                 <circle cx="12" cy="12" r="4">
                            ...
            ...

    at throwOnHydrationMismatch (webpack-internal:///(app-pages-browser)/./node_modules/.pnpm/next@15.5.12_@babel+core@7.29.0_@opentelemetry+api@1.9.0_react-dom@19.2.4_react@19.2.4__react@19.2.4/node_modules/next/dist/compiled/react-dom/cjs/react-dom-client.development.js:4506:11)
    at beginWork (webpack-internal:///(app-pages-browser)/./node_modules/.pnpm/next@15.5.12_@babel+core@7.29.0_@opentelemetry+api@1.9.0_react-dom@19.2.4_react@19.2.4__react@19.2.4/node_modules/next/dist/compiled/react-dom/cjs/react-dom-client.development.js:11107:17)
    at runWithFiberInDEV (webpack-internal:///(app-pages-browser)/./node_modules/.pnpm/next@15.5.12_@babel+core@7.29.0_@opentelemetry+api@1.9.0_react-dom@19.2.4_react@19.2.4__react@19.2.4/node_modules/next/dist/compiled/react-dom/cjs/react-dom-client.development.js:872:30)
    at performUnitOfWork (webpack-internal:///(app-pages-browser)/./node_modules/.pnpm/next@15.5.12_@babel+core@7.29.0_@opentelemetry+api@1.9.0_react-dom@19.2.4_react@19.2.4__react@19.2.4/node_modules/next/dist/compiled/react-dom/cjs/react-dom-client.development.js:15727:22)
    at workLoopConcurrentByScheduler (webpack-internal:///(app-pages-browser)/./node_modules/.pnpm/next@15.5.12_@babel+core@7.29.0_@opentelemetry+api@1.9.0_react-dom@19.2.4_react@19.2.4__react@19.2.4/node_modules/next/dist/compiled/react-dom/cjs/react-dom-client.development.js:15721:9)
    at renderRootConcurrent (webpack-internal:///(app-pages-browser)/./node_modules/.pnpm/next@15.5.12_@babel+core@7.29.0_@opentelemetry+api@1.9.0_react-dom@19.2.4_react@19.2.4__react@19.2.4/node_modules/next/dist/compiled/react-dom/cjs/react-dom-client.development.js:15696:15)
    at performWorkOnRoot (webpack-internal:///(app-pages-browser)/./node_modules/.pnpm/next@15.5.12_@babel+core@7.29.0_@opentelemetry+api@1.9.0_react-dom@19.2.4_react@19.2.4__react@19.2.4/node_modules/next/dist/compiled/react-dom/cjs/react-dom-client.development.js:14990:13)
    at performWorkOnRootViaSchedulerTask (webpack-internal:///(app-pages-browser)/./node_modules/.pnpm/next@15.5.12_@babel+core@7.29.0_@opentelemetry+api@1.9.0_react-dom@19.2.4_react@19.2.4__react@19.2.4/node_modules/next/dist/compiled/react-dom/cjs/react-dom-client.development.js:16816:7)
    at MessagePort.performWorkUntilDeadline (webpack-internal:///(app-pages-browser)/./node_modules/.pnpm/next@15.5.12_@babel+core@7.29.0_@opentelemetry+api@1.9.0_react-dom@19.2.4_react@19.2.4__react@19.2.4/node_modules/next/dist/compiled/scheduler/cjs/scheduler.development.js:45:48)
[   46415ms] [ERROR] Failed to load resource: the server responded with a status of 404 (Not Found) @ http://localhost:3000/pagefind/pagefind.js:0
